[main] INFO  in.vamsoft.entities.EmployeeMain  - Please Enter the EmpId : 
[main] INFO  in.vamsoft.entities.EmployeeMain  - Please Enter the Employee Name : 
[main] INFO  in.vamsoft.entities.EmployeeMain  - Please Enter the salary : 
[main] INFO  in.vamsoft.entities.EmployeeMain  - Please Enter the Date Of Joining : 
[main] INFO  in.vamsoft.entities.EmployeeMain  - Please Enter the DeptId : 
[main] INFO  in.vamsoft.entities.EmployeeMain  - Please Enter the EmpId : 
[main] INFO  in.vamsoft.entities.EmployeeMain  - Please Enter the Employee Name : 
[main] INFO  in.vamsoft.entities.EmployeeMain  - Please Enter the salary : 
[main] INFO  in.vamsoft.entities.EmployeeMain  - Please Enter the Date Of Joining : 
[main] INFO  in.vamsoft.entities.EmployeeMain  - Please Enter the DeptId : 
[main] INFO  in.vamsoft.entities.EmployeeMain  - Please Enter the EmpId : 
[main] INFO  in.vamsoft.entities.EmployeeMain  - Please Enter the Employee Name : 
[main] INFO  in.vamsoft.entities.EmployeeMain  - Please Enter the salary : 
[main] INFO  in.vamsoft.entities.EmployeeMain  - Please Enter the Date Of Joining : 
[main] INFO  in.vamsoft.entities.EmployeeMain  - Please Enter the DeptId : 
[main] INFO  in.vamsoft.entities.EmployeeMain  - Please Enter the EmpId : 
[main] INFO  in.vamsoft.entities.EmployeeMain  - Please Enter the Employee Name : 
[main] INFO  in.vamsoft.entities.EmployeeMain  - Please Enter the salary : 
[main] INFO  in.vamsoft.entities.EmployeeMain  - Please Enter the Date Of Joining : 
[main] INFO  in.vamsoft.entities.EmployeeMain  - Please Enter the DeptId : 
